<?xml version="1.0" encoding="UTF-8"?>
<!-- Generated by org.testng.reporters.JUnitReportReporter -->
<testsuite hostname="DESKTOP-UCK7DEO" failures="0" tests="1" name="com.google.qa.tests.GoogleLogOutTest" time="21.218" errors="0" timestamp="24 июн. 2020 11:39:58 GMT" skipped="0">
  <testcase classname="com.google.qa.tests.GoogleLogOutTest" name="logoutTest" time="21.218"/>
</testsuite> <!-- com.google.qa.tests.GoogleLogOutTest -->
