<?xml version="1.0" encoding="UTF-8"?>
<!-- Generated by org.testng.reporters.JUnitReportReporter -->
<testsuite hostname="DESKTOP-UCK7DEO" failures="0" tests="1" name="com.google.qa.tests.GoogleSignInTest" time="16.538" errors="0" timestamp="24 июн. 2020 11:39:58 GMT" skipped="0">
  <testcase classname="com.google.qa.tests.GoogleSignInTest" name="loginTest" time="16.538"/>
</testsuite> <!-- com.google.qa.tests.GoogleSignInTest -->
